<?xml version="1.0" encoding="UTF-8"?>
<testsuite xmlns:xsi="http://www.w3.org/2001/XMLSchema-instance" xsi:noNamespaceSchemaLocation="https://maven.apache.org/surefire/maven-surefire-plugin/xsd/surefire-test-report-3.0.xsd" version="3.0" name="com.pdf.apidrive.ApidriveApplicationTests" time="1.072" tests="1" errors="0" skipped="0" failures="0">
  <properties>
    <property name="java.specification.version" value="23"/>
    <property name="sun.jnu.encoding" value="UTF-8"/>
    <property name="java.class.path" value="/Users/michellmarcospachecotacay/Documents/workspace/spring boot/apifile/target/test-classes:/Users/michellmarcospachecotacay/Documents/workspace/spring boot/apifile/target/classes:/Users/michellmarcospachecotacay/.m2/repository/org/springframework/boot/spring-boot-starter-web/3.3.5/spring-boot-starter-web-3.3.5.jar:/Users/michellmarcospachecotacay/.m2/repository/org/springframework/boot/spring-boot-starter/3.3.5/spring-boot-starter-3.3.5.jar:/Users/michellmarcospachecotacay/.m2/repository/org/springframework/boot/spring-boot/3.3.5/spring-boot-3.3.5.jar:/Users/michellmarcospachecotacay/.m2/repository/org/springframework/boot/spring-boot-autoconfigure/3.3.5/spring-boot-autoconfigure-3.3.5.jar:/Users/michellmarcospachecotacay/.m2/repository/org/springframework/boot/spring-boot-starter-logging/3.3.5/spring-boot-starter-logging-3.3.5.jar:/Users/michellmarcospachecotacay/.m2/repository/ch/qos/logback/logback-classic/1.5.11/logback-classic-1.5.11.jar:/Users/michellmarcospachecotacay/.m2/repository/ch/qos/logback/logback-core/1.5.11/logback-core-1.5.11.jar:/Users/michellmarcospachecotacay/.m2/repository/org/apache/logging/log4j/log4j-to-slf4j/2.23.1/log4j-to-slf4j-2.23.1.jar:/Users/michellmarcospachecotacay/.m2/repository/org/apache/logging/log4j/log4j-api/2.23.1/log4j-api-2.23.1.jar:/Users/michellmarcospachecotacay/.m2/repository/org/slf4j/jul-to-slf4j/2.0.16/jul-to-slf4j-2.0.16.jar:/Users/michellmarcospachecotacay/.m2/repository/jakarta/annotation/jakarta.annotation-api/2.1.1/jakarta.annotation-api-2.1.1.jar:/Users/michellmarcospachecotacay/.m2/repository/org/yaml/snakeyaml/2.2/snakeyaml-2.2.jar:/Users/michellmarcospachecotacay/.m2/repository/org/springframework/boot/spring-boot-starter-json/3.3.5/spring-boot-starter-json-3.3.5.jar:/Users/michellmarcospachecotacay/.m2/repository/com/fasterxml/jackson/core/jackson-databind/2.17.2/jackson-databind-2.17.2.jar:/Users/michellmarcospachecotacay/.m2/repository/com/fasterxml/jackson/core/jackson-annotations/2.17.2/jackson-annotations-2.17.2.jar:/Users/michellmarcospachecotacay/.m2/repository/com/fasterxml/jackson/core/jackson-core/2.17.2/jackson-core-2.17.2.jar:/Users/michellmarcospachecotacay/.m2/repository/com/fasterxml/jackson/datatype/jackson-datatype-jdk8/2.17.2/jackson-datatype-jdk8-2.17.2.jar:/Users/michellmarcospachecotacay/.m2/repository/com/fasterxml/jackson/datatype/jackson-datatype-jsr310/2.17.2/jackson-datatype-jsr310-2.17.2.jar:/Users/michellmarcospachecotacay/.m2/repository/com/fasterxml/jackson/module/jackson-module-parameter-names/2.17.2/jackson-module-parameter-names-2.17.2.jar:/Users/michellmarcospachecotacay/.m2/repository/org/springframework/boot/spring-boot-starter-tomcat/3.3.5/spring-boot-starter-tomcat-3.3.5.jar:/Users/michellmarcospachecotacay/.m2/repository/org/apache/tomcat/embed/tomcat-embed-core/10.1.31/tomcat-embed-core-10.1.31.jar:/Users/michellmarcospachecotacay/.m2/repository/org/apache/tomcat/embed/tomcat-embed-el/10.1.31/tomcat-embed-el-10.1.31.jar:/Users/michellmarcospachecotacay/.m2/repository/org/apache/tomcat/embed/tomcat-embed-websocket/10.1.31/tomcat-embed-websocket-10.1.31.jar:/Users/michellmarcospachecotacay/.m2/repository/org/springframework/spring-web/6.1.14/spring-web-6.1.14.jar:/Users/michellmarcospachecotacay/.m2/repository/org/springframework/spring-beans/6.1.14/spring-beans-6.1.14.jar:/Users/michellmarcospachecotacay/.m2/repository/io/micrometer/micrometer-observation/1.13.6/micrometer-observation-1.13.6.jar:/Users/michellmarcospachecotacay/.m2/repository/io/micrometer/micrometer-commons/1.13.6/micrometer-commons-1.13.6.jar:/Users/michellmarcospachecotacay/.m2/repository/org/springframework/spring-webmvc/6.1.14/spring-webmvc-6.1.14.jar:/Users/michellmarcospachecotacay/.m2/repository/org/springframework/spring-aop/6.1.14/spring-aop-6.1.14.jar:/Users/michellmarcospachecotacay/.m2/repository/org/springframework/spring-context/6.1.14/spring-context-6.1.14.jar:/Users/michellmarcospachecotacay/.m2/repository/org/springframework/spring-expression/6.1.14/spring-expression-6.1.14.jar:/Users/michellmarcospachecotacay/.m2/repository/org/springframework/boot/spring-boot-starter-test/3.3.5/spring-boot-starter-test-3.3.5.jar:/Users/michellmarcospachecotacay/.m2/repository/org/springframework/boot/spring-boot-test/3.3.5/spring-boot-test-3.3.5.jar:/Users/michellmarcospachecotacay/.m2/repository/org/springframework/boot/spring-boot-test-autoconfigure/3.3.5/spring-boot-test-autoconfigure-3.3.5.jar:/Users/michellmarcospachecotacay/.m2/repository/com/jayway/jsonpath/json-path/2.9.0/json-path-2.9.0.jar:/Users/michellmarcospachecotacay/.m2/repository/org/slf4j/slf4j-api/2.0.16/slf4j-api-2.0.16.jar:/Users/michellmarcospachecotacay/.m2/repository/jakarta/xml/bind/jakarta.xml.bind-api/4.0.2/jakarta.xml.bind-api-4.0.2.jar:/Users/michellmarcospachecotacay/.m2/repository/jakarta/activation/jakarta.activation-api/2.1.3/jakarta.activation-api-2.1.3.jar:/Users/michellmarcospachecotacay/.m2/repository/net/minidev/json-smart/2.5.1/json-smart-2.5.1.jar:/Users/michellmarcospachecotacay/.m2/repository/net/minidev/accessors-smart/2.5.1/accessors-smart-2.5.1.jar:/Users/michellmarcospachecotacay/.m2/repository/org/ow2/asm/asm/9.6/asm-9.6.jar:/Users/michellmarcospachecotacay/.m2/repository/org/assertj/assertj-core/3.25.3/assertj-core-3.25.3.jar:/Users/michellmarcospachecotacay/.m2/repository/net/bytebuddy/byte-buddy/1.14.19/byte-buddy-1.14.19.jar:/Users/michellmarcospachecotacay/.m2/repository/org/awaitility/awaitility/4.2.2/awaitility-4.2.2.jar:/Users/michellmarcospachecotacay/.m2/repository/org/hamcrest/hamcrest/2.2/hamcrest-2.2.jar:/Users/michellmarcospachecotacay/.m2/repository/org/junit/jupiter/junit-jupiter/5.10.5/junit-jupiter-5.10.5.jar:/Users/michellmarcospachecotacay/.m2/repository/org/junit/jupiter/junit-jupiter-api/5.10.5/junit-jupiter-api-5.10.5.jar:/Users/michellmarcospachecotacay/.m2/repository/org/opentest4j/opentest4j/1.3.0/opentest4j-1.3.0.jar:/Users/michellmarcospachecotacay/.m2/repository/org/junit/platform/junit-platform-commons/1.10.5/junit-platform-commons-1.10.5.jar:/Users/michellmarcospachecotacay/.m2/repository/org/apiguardian/apiguardian-api/1.1.2/apiguardian-api-1.1.2.jar:/Users/michellmarcospachecotacay/.m2/repository/org/junit/jupiter/junit-jupiter-params/5.10.5/junit-jupiter-params-5.10.5.jar:/Users/michellmarcospachecotacay/.m2/repository/org/junit/jupiter/junit-jupiter-engine/5.10.5/junit-jupiter-engine-5.10.5.jar:/Users/michellmarcospachecotacay/.m2/repository/org/junit/platform/junit-platform-engine/1.10.5/junit-platform-engine-1.10.5.jar:/Users/michellmarcospachecotacay/.m2/repository/org/mockito/mockito-core/5.11.0/mockito-core-5.11.0.jar:/Users/michellmarcospachecotacay/.m2/repository/net/bytebuddy/byte-buddy-agent/1.14.19/byte-buddy-agent-1.14.19.jar:/Users/michellmarcospachecotacay/.m2/repository/org/objenesis/objenesis/3.3/objenesis-3.3.jar:/Users/michellmarcospachecotacay/.m2/repository/org/mockito/mockito-junit-jupiter/5.11.0/mockito-junit-jupiter-5.11.0.jar:/Users/michellmarcospachecotacay/.m2/repository/org/skyscreamer/jsonassert/1.5.3/jsonassert-1.5.3.jar:/Users/michellmarcospachecotacay/.m2/repository/com/vaadin/external/google/android-json/0.0.20131108.vaadin1/android-json-0.0.20131108.vaadin1.jar:/Users/michellmarcospachecotacay/.m2/repository/org/springframework/spring-core/6.1.14/spring-core-6.1.14.jar:/Users/michellmarcospachecotacay/.m2/repository/org/springframework/spring-jcl/6.1.14/spring-jcl-6.1.14.jar:/Users/michellmarcospachecotacay/.m2/repository/org/springframework/spring-test/6.1.14/spring-test-6.1.14.jar:/Users/michellmarcospachecotacay/.m2/repository/org/xmlunit/xmlunit-core/2.9.1/xmlunit-core-2.9.1.jar:/Users/michellmarcospachecotacay/.m2/repository/org/projectlombok/lombok/1.18.34/lombok-1.18.34.jar:/Users/michellmarcospachecotacay/.m2/repository/org/apache/pdfbox/pdfbox/2.0.29/pdfbox-2.0.29.jar:/Users/michellmarcospachecotacay/.m2/repository/org/apache/pdfbox/fontbox/2.0.29/fontbox-2.0.29.jar:/Users/michellmarcospachecotacay/.m2/repository/commons-logging/commons-logging/1.2/commons-logging-1.2.jar:/Users/michellmarcospachecotacay/.m2/repository/com/google/apis/google-api-services-drive/v3-rev20241014-2.0.0/google-api-services-drive-v3-rev20241014-2.0.0.jar:/Users/michellmarcospachecotacay/.m2/repository/com/google/api-client/google-api-client/2.7.0/google-api-client-2.7.0.jar:/Users/michellmarcospachecotacay/.m2/repository/commons-codec/commons-codec/1.16.1/commons-codec-1.16.1.jar:/Users/michellmarcospachecotacay/.m2/repository/com/google/oauth-client/google-oauth-client/1.36.0/google-oauth-client-1.36.0.jar:/Users/michellmarcospachecotacay/.m2/repository/com/google/auth/google-auth-library-credentials/1.23.0/google-auth-library-credentials-1.23.0.jar:/Users/michellmarcospachecotacay/.m2/repository/com/google/auth/google-auth-library-oauth2-http/1.23.0/google-auth-library-oauth2-http-1.23.0.jar:/Users/michellmarcospachecotacay/.m2/repository/com/google/auto/value/auto-value-annotations/1.10.4/auto-value-annotations-1.10.4.jar:/Users/michellmarcospachecotacay/.m2/repository/com/google/code/findbugs/jsr305/3.0.2/jsr305-3.0.2.jar:/Users/michellmarcospachecotacay/.m2/repository/com/google/errorprone/error_prone_annotations/2.18.0/error_prone_annotations-2.18.0.jar:/Users/michellmarcospachecotacay/.m2/repository/com/google/http-client/google-http-client-gson/1.45.0/google-http-client-gson-1.45.0.jar:/Users/michellmarcospachecotacay/.m2/repository/com/google/code/gson/gson/2.10.1/gson-2.10.1.jar:/Users/michellmarcospachecotacay/.m2/repository/com/google/guava/guava/33.1.0-jre/guava-33.1.0-jre.jar:/Users/michellmarcospachecotacay/.m2/repository/com/google/guava/failureaccess/1.0.2/failureaccess-1.0.2.jar:/Users/michellmarcospachecotacay/.m2/repository/com/google/guava/listenablefuture/9999.0-empty-to-avoid-conflict-with-guava/listenablefuture-9999.0-empty-to-avoid-conflict-with-guava.jar:/Users/michellmarcospachecotacay/.m2/repository/org/checkerframework/checker-qual/3.42.0/checker-qual-3.42.0.jar:/Users/michellmarcospachecotacay/.m2/repository/com/google/j2objc/j2objc-annotations/3.0.0/j2objc-annotations-3.0.0.jar:/Users/michellmarcospachecotacay/.m2/repository/com/google/http-client/google-http-client-apache-v2/1.45.0/google-http-client-apache-v2-1.45.0.jar:/Users/michellmarcospachecotacay/.m2/repository/org/apache/httpcomponents/httpcore/4.4.16/httpcore-4.4.16.jar:/Users/michellmarcospachecotacay/.m2/repository/org/apache/httpcomponents/httpclient/4.5.14/httpclient-4.5.14.jar:/Users/michellmarcospachecotacay/.m2/repository/com/google/http-client/google-http-client/1.45.0/google-http-client-1.45.0.jar:/Users/michellmarcospachecotacay/.m2/repository/io/grpc/grpc-context/1.66.0/grpc-context-1.66.0.jar:/Users/michellmarcospachecotacay/.m2/repository/io/grpc/grpc-api/1.66.0/grpc-api-1.66.0.jar:/Users/michellmarcospachecotacay/.m2/repository/io/opencensus/opencensus-api/0.31.1/opencensus-api-0.31.1.jar:/Users/michellmarcospachecotacay/.m2/repository/io/opencensus/opencensus-contrib-http-util/0.31.1/opencensus-contrib-http-util-0.31.1.jar:"/>
    <property name="java.vm.vendor" value="Homebrew"/>
    <property name="sun.arch.data.model" value="64"/>
    <property name="java.vendor.url" value="https://github.com/Homebrew/homebrew-core/issues"/>
    <property name="user.timezone" value="America/Lima"/>
    <property name="os.name" value="Mac OS X"/>
    <property name="java.vm.specification.version" value="23"/>
    <property name="sun.java.launcher" value="SUN_STANDARD"/>
    <property name="user.country" value="ES"/>
    <property name="sun.boot.library.path" value="/opt/homebrew/Cellar/openjdk/23.0.1/libexec/openjdk.jdk/Contents/Home/lib"/>
    <property name="sun.java.command" value="/Users/michellmarcospachecotacay/Documents/workspace/spring boot/apifile/target/surefire/surefirebooter-20241030090920776_3.jar /Users/michellmarcospachecotacay/Documents/workspace/spring boot/apifile/target/surefire 2024-10-30T09-09-20_741-jvmRun1 surefire-20241030090920776_1tmp surefire_0-20241030090920776_2tmp"/>
    <property name="http.nonProxyHosts" value="local|*.local|169.254/16|*.169.254/16"/>
    <property name="jdk.debug" value="release"/>
    <property name="surefire.test.class.path" value="/Users/michellmarcospachecotacay/Documents/workspace/spring boot/apifile/target/test-classes:/Users/michellmarcospachecotacay/Documents/workspace/spring boot/apifile/target/classes:/Users/michellmarcospachecotacay/.m2/repository/org/springframework/boot/spring-boot-starter-web/3.3.5/spring-boot-starter-web-3.3.5.jar:/Users/michellmarcospachecotacay/.m2/repository/org/springframework/boot/spring-boot-starter/3.3.5/spring-boot-starter-3.3.5.jar:/Users/michellmarcospachecotacay/.m2/repository/org/springframework/boot/spring-boot/3.3.5/spring-boot-3.3.5.jar:/Users/michellmarcospachecotacay/.m2/repository/org/springframework/boot/spring-boot-autoconfigure/3.3.5/spring-boot-autoconfigure-3.3.5.jar:/Users/michellmarcospachecotacay/.m2/repository/org/springframework/boot/spring-boot-starter-logging/3.3.5/spring-boot-starter-logging-3.3.5.jar:/Users/michellmarcospachecotacay/.m2/repository/ch/qos/logback/logback-classic/1.5.11/logback-classic-1.5.11.jar:/Users/michellmarcospachecotacay/.m2/repository/ch/qos/logback/logback-core/1.5.11/logback-core-1.5.11.jar:/Users/michellmarcospachecotacay/.m2/repository/org/apache/logging/log4j/log4j-to-slf4j/2.23.1/log4j-to-slf4j-2.23.1.jar:/Users/michellmarcospachecotacay/.m2/repository/org/apache/logging/log4j/log4j-api/2.23.1/log4j-api-2.23.1.jar:/Users/michellmarcospachecotacay/.m2/repository/org/slf4j/jul-to-slf4j/2.0.16/jul-to-slf4j-2.0.16.jar:/Users/michellmarcospachecotacay/.m2/repository/jakarta/annotation/jakarta.annotation-api/2.1.1/jakarta.annotation-api-2.1.1.jar:/Users/michellmarcospachecotacay/.m2/repository/org/yaml/snakeyaml/2.2/snakeyaml-2.2.jar:/Users/michellmarcospachecotacay/.m2/repository/org/springframework/boot/spring-boot-starter-json/3.3.5/spring-boot-starter-json-3.3.5.jar:/Users/michellmarcospachecotacay/.m2/repository/com/fasterxml/jackson/core/jackson-databind/2.17.2/jackson-databind-2.17.2.jar:/Users/michellmarcospachecotacay/.m2/repository/com/fasterxml/jackson/core/jackson-annotations/2.17.2/jackson-annotations-2.17.2.jar:/Users/michellmarcospachecotacay/.m2/repository/com/fasterxml/jackson/core/jackson-core/2.17.2/jackson-core-2.17.2.jar:/Users/michellmarcospachecotacay/.m2/repository/com/fasterxml/jackson/datatype/jackson-datatype-jdk8/2.17.2/jackson-datatype-jdk8-2.17.2.jar:/Users/michellmarcospachecotacay/.m2/repository/com/fasterxml/jackson/datatype/jackson-datatype-jsr310/2.17.2/jackson-datatype-jsr310-2.17.2.jar:/Users/michellmarcospachecotacay/.m2/repository/com/fasterxml/jackson/module/jackson-module-parameter-names/2.17.2/jackson-module-parameter-names-2.17.2.jar:/Users/michellmarcospachecotacay/.m2/repository/org/springframework/boot/spring-boot-starter-tomcat/3.3.5/spring-boot-starter-tomcat-3.3.5.jar:/Users/michellmarcospachecotacay/.m2/repository/org/apache/tomcat/embed/tomcat-embed-core/10.1.31/tomcat-embed-core-10.1.31.jar:/Users/michellmarcospachecotacay/.m2/repository/org/apache/tomcat/embed/tomcat-embed-el/10.1.31/tomcat-embed-el-10.1.31.jar:/Users/michellmarcospachecotacay/.m2/repository/org/apache/tomcat/embed/tomcat-embed-websocket/10.1.31/tomcat-embed-websocket-10.1.31.jar:/Users/michellmarcospachecotacay/.m2/repository/org/springframework/spring-web/6.1.14/spring-web-6.1.14.jar:/Users/michellmarcospachecotacay/.m2/repository/org/springframework/spring-beans/6.1.14/spring-beans-6.1.14.jar:/Users/michellmarcospachecotacay/.m2/repository/io/micrometer/micrometer-observation/1.13.6/micrometer-observation-1.13.6.jar:/Users/michellmarcospachecotacay/.m2/repository/io/micrometer/micrometer-commons/1.13.6/micrometer-commons-1.13.6.jar:/Users/michellmarcospachecotacay/.m2/repository/org/springframework/spring-webmvc/6.1.14/spring-webmvc-6.1.14.jar:/Users/michellmarcospachecotacay/.m2/repository/org/springframework/spring-aop/6.1.14/spring-aop-6.1.14.jar:/Users/michellmarcospachecotacay/.m2/repository/org/springframework/spring-context/6.1.14/spring-context-6.1.14.jar:/Users/michellmarcospachecotacay/.m2/repository/org/springframework/spring-expression/6.1.14/spring-expression-6.1.14.jar:/Users/michellmarcospachecotacay/.m2/repository/org/springframework/boot/spring-boot-starter-test/3.3.5/spring-boot-starter-test-3.3.5.jar:/Users/michellmarcospachecotacay/.m2/repository/org/springframework/boot/spring-boot-test/3.3.5/spring-boot-test-3.3.5.jar:/Users/michellmarcospachecotacay/.m2/repository/org/springframework/boot/spring-boot-test-autoconfigure/3.3.5/spring-boot-test-autoconfigure-3.3.5.jar:/Users/michellmarcospachecotacay/.m2/repository/com/jayway/jsonpath/json-path/2.9.0/json-path-2.9.0.jar:/Users/michellmarcospachecotacay/.m2/repository/org/slf4j/slf4j-api/2.0.16/slf4j-api-2.0.16.jar:/Users/michellmarcospachecotacay/.m2/repository/jakarta/xml/bind/jakarta.xml.bind-api/4.0.2/jakarta.xml.bind-api-4.0.2.jar:/Users/michellmarcospachecotacay/.m2/repository/jakarta/activation/jakarta.activation-api/2.1.3/jakarta.activation-api-2.1.3.jar:/Users/michellmarcospachecotacay/.m2/repository/net/minidev/json-smart/2.5.1/json-smart-2.5.1.jar:/Users/michellmarcospachecotacay/.m2/repository/net/minidev/accessors-smart/2.5.1/accessors-smart-2.5.1.jar:/Users/michellmarcospachecotacay/.m2/repository/org/ow2/asm/asm/9.6/asm-9.6.jar:/Users/michellmarcospachecotacay/.m2/repository/org/assertj/assertj-core/3.25.3/assertj-core-3.25.3.jar:/Users/michellmarcospachecotacay/.m2/repository/net/bytebuddy/byte-buddy/1.14.19/byte-buddy-1.14.19.jar:/Users/michellmarcospachecotacay/.m2/repository/org/awaitility/awaitility/4.2.2/awaitility-4.2.2.jar:/Users/michellmarcospachecotacay/.m2/repository/org/hamcrest/hamcrest/2.2/hamcrest-2.2.jar:/Users/michellmarcospachecotacay/.m2/repository/org/junit/jupiter/junit-jupiter/5.10.5/junit-jupiter-5.10.5.jar:/Users/michellmarcospachecotacay/.m2/repository/org/junit/jupiter/junit-jupiter-api/5.10.5/junit-jupiter-api-5.10.5.jar:/Users/michellmarcospachecotacay/.m2/repository/org/opentest4j/opentest4j/1.3.0/opentest4j-1.3.0.jar:/Users/michellmarcospachecotacay/.m2/repository/org/junit/platform/junit-platform-commons/1.10.5/junit-platform-commons-1.10.5.jar:/Users/michellmarcospachecotacay/.m2/repository/org/apiguardian/apiguardian-api/1.1.2/apiguardian-api-1.1.2.jar:/Users/michellmarcospachecotacay/.m2/repository/org/junit/jupiter/junit-jupiter-params/5.10.5/junit-jupiter-params-5.10.5.jar:/Users/michellmarcospachecotacay/.m2/repository/org/junit/jupiter/junit-jupiter-engine/5.10.5/junit-jupiter-engine-5.10.5.jar:/Users/michellmarcospachecotacay/.m2/repository/org/junit/platform/junit-platform-engine/1.10.5/junit-platform-engine-1.10.5.jar:/Users/michellmarcospachecotacay/.m2/repository/org/mockito/mockito-core/5.11.0/mockito-core-5.11.0.jar:/Users/michellmarcospachecotacay/.m2/repository/net/bytebuddy/byte-buddy-agent/1.14.19/byte-buddy-agent-1.14.19.jar:/Users/michellmarcospachecotacay/.m2/repository/org/objenesis/objenesis/3.3/objenesis-3.3.jar:/Users/michellmarcospachecotacay/.m2/repository/org/mockito/mockito-junit-jupiter/5.11.0/mockito-junit-jupiter-5.11.0.jar:/Users/michellmarcospachecotacay/.m2/repository/org/skyscreamer/jsonassert/1.5.3/jsonassert-1.5.3.jar:/Users/michellmarcospachecotacay/.m2/repository/com/vaadin/external/google/android-json/0.0.20131108.vaadin1/android-json-0.0.20131108.vaadin1.jar:/Users/michellmarcospachecotacay/.m2/repository/org/springframework/spring-core/6.1.14/spring-core-6.1.14.jar:/Users/michellmarcospachecotacay/.m2/repository/org/springframework/spring-jcl/6.1.14/spring-jcl-6.1.14.jar:/Users/michellmarcospachecotacay/.m2/repository/org/springframework/spring-test/6.1.14/spring-test-6.1.14.jar:/Users/michellmarcospachecotacay/.m2/repository/org/xmlunit/xmlunit-core/2.9.1/xmlunit-core-2.9.1.jar:/Users/michellmarcospachecotacay/.m2/repository/org/projectlombok/lombok/1.18.34/lombok-1.18.34.jar:/Users/michellmarcospachecotacay/.m2/repository/org/apache/pdfbox/pdfbox/2.0.29/pdfbox-2.0.29.jar:/Users/michellmarcospachecotacay/.m2/repository/org/apache/pdfbox/fontbox/2.0.29/fontbox-2.0.29.jar:/Users/michellmarcospachecotacay/.m2/repository/commons-logging/commons-logging/1.2/commons-logging-1.2.jar:/Users/michellmarcospachecotacay/.m2/repository/com/google/apis/google-api-services-drive/v3-rev20241014-2.0.0/google-api-services-drive-v3-rev20241014-2.0.0.jar:/Users/michellmarcospachecotacay/.m2/repository/com/google/api-client/google-api-client/2.7.0/google-api-client-2.7.0.jar:/Users/michellmarcospachecotacay/.m2/repository/commons-codec/commons-codec/1.16.1/commons-codec-1.16.1.jar:/Users/michellmarcospachecotacay/.m2/repository/com/google/oauth-client/google-oauth-client/1.36.0/google-oauth-client-1.36.0.jar:/Users/michellmarcospachecotacay/.m2/repository/com/google/auth/google-auth-library-credentials/1.23.0/google-auth-library-credentials-1.23.0.jar:/Users/michellmarcospachecotacay/.m2/repository/com/google/auth/google-auth-library-oauth2-http/1.23.0/google-auth-library-oauth2-http-1.23.0.jar:/Users/michellmarcospachecotacay/.m2/repository/com/google/auto/value/auto-value-annotations/1.10.4/auto-value-annotations-1.10.4.jar:/Users/michellmarcospachecotacay/.m2/repository/com/google/code/findbugs/jsr305/3.0.2/jsr305-3.0.2.jar:/Users/michellmarcospachecotacay/.m2/repository/com/google/errorprone/error_prone_annotations/2.18.0/error_prone_annotations-2.18.0.jar:/Users/michellmarcospachecotacay/.m2/repository/com/google/http-client/google-http-client-gson/1.45.0/google-http-client-gson-1.45.0.jar:/Users/michellmarcospachecotacay/.m2/repository/com/google/code/gson/gson/2.10.1/gson-2.10.1.jar:/Users/michellmarcospachecotacay/.m2/repository/com/google/guava/guava/33.1.0-jre/guava-33.1.0-jre.jar:/Users/michellmarcospachecotacay/.m2/repository/com/google/guava/failureaccess/1.0.2/failureaccess-1.0.2.jar:/Users/michellmarcospachecotacay/.m2/repository/com/google/guava/listenablefuture/9999.0-empty-to-avoid-conflict-with-guava/listenablefuture-9999.0-empty-to-avoid-conflict-with-guava.jar:/Users/michellmarcospachecotacay/.m2/repository/org/checkerframework/checker-qual/3.42.0/checker-qual-3.42.0.jar:/Users/michellmarcospachecotacay/.m2/repository/com/google/j2objc/j2objc-annotations/3.0.0/j2objc-annotations-3.0.0.jar:/Users/michellmarcospachecotacay/.m2/repository/com/google/http-client/google-http-client-apache-v2/1.45.0/google-http-client-apache-v2-1.45.0.jar:/Users/michellmarcospachecotacay/.m2/repository/org/apache/httpcomponents/httpcore/4.4.16/httpcore-4.4.16.jar:/Users/michellmarcospachecotacay/.m2/repository/org/apache/httpcomponents/httpclient/4.5.14/httpclient-4.5.14.jar:/Users/michellmarcospachecotacay/.m2/repository/com/google/http-client/google-http-client/1.45.0/google-http-client-1.45.0.jar:/Users/michellmarcospachecotacay/.m2/repository/io/grpc/grpc-context/1.66.0/grpc-context-1.66.0.jar:/Users/michellmarcospachecotacay/.m2/repository/io/grpc/grpc-api/1.66.0/grpc-api-1.66.0.jar:/Users/michellmarcospachecotacay/.m2/repository/io/opencensus/opencensus-api/0.31.1/opencensus-api-0.31.1.jar:/Users/michellmarcospachecotacay/.m2/repository/io/opencensus/opencensus-contrib-http-util/0.31.1/opencensus-contrib-http-util-0.31.1.jar:"/>
    <property name="sun.cpu.endian" value="little"/>
    <property name="user.home" value="/Users/michellmarcospachecotacay"/>
    <property name="user.language" value="es"/>
    <property name="java.specification.vendor" value="Oracle Corporation"/>
    <property name="java.version.date" value="2024-10-15"/>
    <property name="java.home" value="/opt/homebrew/Cellar/openjdk/23.0.1/libexec/openjdk.jdk/Contents/Home"/>
    <property name="file.separator" value="/"/>
    <property name="basedir" value="/Users/michellmarcospachecotacay/Documents/workspace/spring boot/apifile"/>
    <property name="java.vm.compressedOopsMode" value="Zero based"/>
    <property name="line.separator" value="&#10;"/>
    <property name="java.vm.specification.vendor" value="Oracle Corporation"/>
    <property name="java.specification.name" value="Java Platform API Specification"/>
    <property name="FILE_LOG_CHARSET" value="UTF-8"/>
    <property name="java.awt.headless" value="true"/>
    <property name="apple.awt.application.name" value="ForkedBooter"/>
    <property name="surefire.real.class.path" value="/Users/michellmarcospachecotacay/Documents/workspace/spring boot/apifile/target/surefire/surefirebooter-20241030090920776_3.jar"/>
    <property name="sun.management.compiler" value="HotSpot 64-Bit Tiered Compilers"/>
    <property name="ftp.nonProxyHosts" value="local|*.local|169.254/16|*.169.254/16"/>
    <property name="java.runtime.version" value="23.0.1"/>
    <property name="user.name" value="michellmarcospachecotacay"/>
    <property name="stdout.encoding" value="UTF-8"/>
    <property name="path.separator" value=":"/>
    <property name="os.version" value="15.0.1"/>
    <property name="java.runtime.name" value="OpenJDK Runtime Environment"/>
    <property name="file.encoding" value="UTF-8"/>
    <property name="java.vm.name" value="OpenJDK 64-Bit Server VM"/>
    <property name="java.vendor.version" value="Homebrew"/>
    <property name="localRepository" value="/Users/michellmarcospachecotacay/.m2/repository"/>
    <property name="java.vendor.url.bug" value="https://github.com/Homebrew/homebrew-core/issues"/>
    <property name="java.io.tmpdir" value="/var/folders/6j/96df2bgs31149wrrt568_zc00000gn/T/"/>
    <property name="java.version" value="23.0.1"/>
    <property name="user.dir" value="/Users/michellmarcospachecotacay/Documents/workspace/spring boot/apifile"/>
    <property name="os.arch" value="aarch64"/>
    <property name="java.vm.specification.name" value="Java Virtual Machine Specification"/>
    <property name="PID" value="3704"/>
    <property name="CONSOLE_LOG_CHARSET" value="UTF-8"/>
    <property name="native.encoding" value="UTF-8"/>
    <property name="java.library.path" value="/Users/michellmarcospachecotacay/Library/Java/Extensions:/Library/Java/Extensions:/Network/Library/Java/Extensions:/System/Library/Java/Extensions:/usr/lib/java:."/>
    <property name="java.vm.info" value="mixed mode, sharing"/>
    <property name="stderr.encoding" value="UTF-8"/>
    <property name="java.vendor" value="Homebrew"/>
    <property name="java.vm.version" value="23.0.1"/>
    <property name="sun.io.unicode.encoding" value="UnicodeBig"/>
    <property name="socksNonProxyHosts" value="local|*.local|169.254/16|*.169.254/16"/>
    <property name="java.class.version" value="67.0"/>
    <property name="LOGGED_APPLICATION_NAME" value="[apidrive] "/>
  </properties>
  <testcase name="contextLoads" classname="com.pdf.apidrive.ApidriveApplicationTests" time="0.42">
    <system-out><![CDATA[09:09:21.095 [main] INFO org.springframework.test.context.support.AnnotationConfigContextLoaderUtils -- Could not detect default configuration classes for test class [com.pdf.apidrive.ApidriveApplicationTests]: ApidriveApplicationTests does not declare any static, non-private, non-final, nested classes annotated with @Configuration.
09:09:21.134 [main] INFO org.springframework.boot.test.context.SpringBootTestContextBootstrapper -- Found @SpringBootConfiguration com.pdf.apidrive.ApidriveApplication for test class com.pdf.apidrive.ApidriveApplicationTests

  .   ____          _            __ _ _
 /\\ / ___'_ __ _ _(_)_ __  __ _ \ \ \ \
( ( )\___ | '_ | '_| | '_ \/ _` | \ \ \ \
 \\/  ___)| |_)| | | | | || (_| |  ) ) ) )
  '  |____| .__|_| |_|_| |_\__, | / / / /
 =========|_|==============|___/=/_/_/_/

 :: Spring Boot ::                (v3.3.5)

2024-10-30T09:09:21.265-05:00  INFO 3704 --- [apidrive] [           main] c.pdf.apidrive.ApidriveApplicationTests  : Starting ApidriveApplicationTests using Java 23.0.1 with PID 3704 (started by michellmarcospachecotacay in /Users/michellmarcospachecotacay/Documents/workspace/spring boot/apifile)
2024-10-30T09:09:21.266-05:00  INFO 3704 --- [apidrive] [           main] c.pdf.apidrive.ApidriveApplicationTests  : No active profile set, falling back to 1 default profile: "default"
2024-10-30T09:09:21.672-05:00  INFO 3704 --- [apidrive] [           main] c.pdf.apidrive.ApidriveApplicationTests  : Started ApidriveApplicationTests in 0.493 seconds (process running for 0.848)
]]></system-out>
    <system-err><![CDATA[WARNING: A Java agent has been loaded dynamically (/Users/michellmarcospachecotacay/.m2/repository/net/bytebuddy/byte-buddy-agent/1.14.19/byte-buddy-agent-1.14.19.jar)
WARNING: If a serviceability tool is in use, please run with -XX:+EnableDynamicAgentLoading to hide this warning
WARNING: If a serviceability tool is not in use, please run with -Djdk.instrument.traceUsage for more information
WARNING: Dynamic loading of agents will be disallowed by default in a future release
]]></system-err>
  </testcase>
</testsuite>